Diagnose log at 2022-08-12T22:44:30Z

Executable: /usr/share/git-credential-manager-core/git-credential-manager-core
Version: 2.0.785+6074e4e3d3

------------
Diagnostic: Environment
Skipped: False
Success: True
Exception: None
Log:
OSType: Linux
OSVersion: Linux logan-nightfury 5.18.15-zen1-1-zen #1 ZEN SMP PREEMPT_DYNAMIC Fri, 29 Jul 2022 22:52:41 +0000 x86_64 GNU/Linux
Reading environment variables... OK
 Variables:
LANG=en_US.UTF-8
KDE_APPLICATIONS_AS_SCOPE=1
XDG_RUNTIME_DIR=/run/user/1000
KONSOLE_DBUS_WINDOW=/Windows/1
DISPLAY=:1
KONSOLE_DBUS_SERVICE=:1.61
LANGUAGE=
SYSTEMD_EXEC_PID=6783
XDG_CONFIG_DIRS=/home/logan/.config/kdedefaults:/etc/xdg
LOGNAME=logan
XDG_SEAT_PATH=/org/freedesktop/DisplayManager/Seat0
KONSOLE_DBUS_SESSION=/Sessions/1
XDG_VTNR=2
XDG_DATA_DIRS=/home/logan/.local/share/flatpak/exports/share:/var/lib/flatpak/exports/share:/usr/local/share:/usr/share
DESKTOP_SESSION=plasmawayland
XDG_SESSION_PATH=/org/freedesktop/DisplayManager/Session2
MAIL=/var/spool/mail/logan
XDG_SESSION_CLASS=user
PROFILEHOME=
MANGOHUD=1
PATH=/home/logan/.local/bin:/usr/local/sbin:/usr/local/bin:/usr/bin:/var/lib/flatpak/exports/bin:/usr/lib/jvm/default/bin:/usr/bin/site_perl:/usr/bin/vendor_perl:/usr/bin/core_perl
XAUTHORITY=/run/user/1000/xauth_QViUhW
PLASMA_USE_QT_SCALING=1
MCFLY_SESSION_ID=ziJNB7TCvIEaWBkQzPrsxNK4
COLORTERM=truecolor
SHELL=/bin/bash
LC_NAME=en_US.UTF-8
INVOCATION_ID=c2372449bf614316a8753fe7df10c92e
WAYLAND_DISPLAY=wayland-0
XDG_ACTIVATION_TOKEN=not-granted-666
LC_ADDRESS=en_US.UTF-8
QT_AUTO_SCREEN_SCALE_FACTOR=0
HOME=/home/logan
MOTD_SHOWN=pam
XKB_DEFAULT_LAYOUT=us
LC_TELEPHONE=en_US.UTF-8
KDE_FULL_SESSION=true
LC_MONETARY=en_US.UTF-8
MANAGERPID=5120
LC_TIME=en_US.UTF-8
JOURNAL_STREAM=8:43934
GTK2_RC_FILES=/etc/gtk-2.0/gtkrc:/home/logan/.gtkrc-2.0:/home/logan/.config/gtkrc-2.0
GDK_DPI_SCALE=1
PWD=/home/logan/fulltiltwebsite
GTK_RC_FILES=/etc/gtk/gtkrc:/home/logan/.gtkrc:/home/logan/.config/gtkrc
XDG_SEAT=seat0
SHLVL=1
LC_IDENTIFICATION=en_US.UTF-8
HG=/usr/bin/hg
KONSOLE_VERSION=220403
TERM=xterm-256color
PAM_KWALLET5_LOGIN=/run/user/1000/kwallet5.socket
SESSION_MANAGER=local/logan-nightfury:@/tmp/.ICE-unix/5510,unix/logan-nightfury:/tmp/.ICE-unix/5510
GDK_SCALE=1
STARSHIP_SHELL=fish
SHELL_SESSION_ID=8b742d74d4fe44cb95a5b87eec90bcc5
MANPAGER=sh -c 'col -bx | bat -l man -p'
XDG_CURRENT_DESKTOP=KDE
LC_MEASUREMENT=en_US.UTF-8
XCURSOR_THEME=LyraG-cursors
STARSHIP_SESSION_KEY=3084650408227326
COLORFGBG=15;0
KDE_SESSION_VERSION=5
LC_NUMERIC=en_US.UTF-8
LC_PAPER=en_US.UTF-8
XDG_SESSION_TYPE=wayland
XDG_SESSION_DESKTOP=KDE
KDE_SESSION_UID=1000
MCFLY_HISTFILE=/home/logan/.local/share/fish/fish_history
QT_WAYLAND_FORCE_DPI=96
XCURSOR_SIZE=24
USER=logan
XDG_SESSION_ID=2
WINDOWID=1
DBUS_SESSION_BUS_ADDRESS=unix:path=/run/user/1000/bus


------------
Diagnostic: File system
Skipped: False
Success: True
Exception: None
Log:
Temporary directory is '/tmp/'...
Checking basic file I/O...
Writing to temporary file '/tmp/e09e4ab28cb465f2541d5c55'... OK
Reading from temporary file '/tmp/e09e4ab28cb465f2541d5c55'... OK
Deleting temporary file '/tmp/e09e4ab28cb465f2541d5c55'... OK
Testing IFileSystem instance...
UserHomePath: /home/logan
UserDataDirectoryPath: /home/logan/.gcm
GetCurrentDirectory(): /home/logan/fulltiltwebsite

------------
Diagnostic: Networking
Skipped: False
Success: True
Exception: None
Log:
Checking basic networking and HTTP stack...
Creating HTTP client... OK
IsNetworkAvailable: True
Sending HEAD request to http://example.com... OK
Sending HEAD request to https://example.com... OK
Acquiring free TCP port... OK
Testing local HTTP loopback connections...
Creating new HTTP listener for http://localhost:46457/... OK
Waiting for loopback connection... OK
Writing response... OK
Waiting for response data... OK
Loopback connection data OK
Testing with IHttpClientFactory created HTTP client...
Creating HTTP client... OK
IsNetworkAvailable: True
Sending HEAD request to http://example.com... OK
Sending HEAD request to https://example.com... OK
Acquiring free TCP port... OK
Testing local HTTP loopback connections...
Creating new HTTP listener for http://localhost:42753/... OK
Waiting for loopback connection... OK
Writing response... OK
Waiting for response data... OK
Loopback connection data OK

------------
Diagnostic: Git
Skipped: False
Success: True
Exception: None
Log:
Getting Git version... OK
Git version is '2.37.1'
Locating current repository... OK
Git repository at '/home/logan/fulltiltwebsite/.git'
Listing all Git configuration... OK
Git configuration:
file:/home/logan/.gitconfig	credential.helper=
file:/home/logan/.gitconfig	credential.helper=/usr/share/git-credential-manager-core/git-credential-manager-core
file:/home/logan/.gitconfig	credential.https://dev.azure.com.usehttppath=true
file:.git/config	core.repositoryformatversion=0
file:.git/config	core.filemode=true
file:.git/config	core.bare=false
file:.git/config	core.logallrefupdates=true
file:.git/config	remote.origin.url=https://github.com/MetalfaceScout/fulltiltwebsite
file:.git/config	remote.origin.fetch=+refs/heads/*:refs/remotes/origin/*
file:.git/config	branch.main.remote=origin
file:.git/config	branch.main.merge=refs/heads/main


------------
Diagnostic: Credential storage
Skipped: False
Success: False
Exception:
System.Exception: No credential store has been selected.

Set the GCM_CREDENTIAL_STORE environment variable or the credential.credentialStore Git configuration setting to one of the following options:

  secretservice : freedesktop.org Secret Service (requires graphical interface)
  gpg           : GNU `pass` compatible credential storage (requires GPG and `pass`)
  cache         : Git's in-memory credential cache
  plaintext     : store credentials in plain-text files (UNSECURE)

See https://aka.ms/gcm/credstores for more information.

   at GitCredentialManager.CredentialStore.EnsureBackingStore()
   at GitCredentialManager.CredentialStore.Remove(String service, String account)
   at GitCredentialManager.Diagnostics.CredentialStoreDiagnostic.RunInternalAsync(StringBuilder log, IList`1 additionalFiles)
   at GitCredentialManager.Diagnostics.Diagnostic.RunAsync()
Log:
ICredentialStore instance is of type: CredentialStore
Writing test credential...Deleting test credential...
------------
Diagnostic: Microsoft authentication (AAD/MSA)
Skipped: False
Success: True
Exception: None
Log:
Broker not supported.
Flow type is: Auto
Gathering MSAL token cache data... OK
CacheDirectory: /home/logan/.local/.IdentityService
CacheFileName: msal.cache
CacheFilePath: /home/logan/.local/.IdentityService/msal.cache
KeyringCollection: 
KeyringSchemaName: 
KeyringSecretLabel: 
KeyringAttribute1: (,)
KeyringAttribute2: (,)
Creating cache helper... OK
Verifying MSAL token cache persistence... OK

------------
Diagnostic: GitHub API
Skipped: False
Success: True
Exception: None
Log:
Using 'https://github.com/' as API target.
Querying '/meta' endpoint... OK

